<?xml version="1.0" encoding="UTF-8"?>
<testng-results skipped="0" failed="0" total="3" passed="3">
  <reporter-output>
  </reporter-output>
  <suite name="Suite" duration-ms="405" started-at="2020-12-14T11:10:06Z" finished-at="2020-12-14T11:10:06Z">
    <groups>
      <group name="parallel">
        <method signature="Practice.tc1()[pri:0, instance:org.dftestng.Practice@61832929]" name="tc1" class="org.dftestng.Practice"/>
        <method signature="Practice.tc4()[pri:0, instance:org.dftestng.Practice@61832929]" name="tc4" class="org.dftestng.Practice"/>
        <method signature="Practice1.tc33()[pri:0, instance:org.dftestng.Practice1@4501b7af]" name="tc33" class="org.dftestng.Practice1"/>
      </group> <!-- parallel -->
    </groups>
    <test name="Test" duration-ms="405" started-at="2020-12-14T11:10:06Z" finished-at="2020-12-14T11:10:06Z">
      <class name="org.dftestng.Practice1">
        <test-method status="PASS" signature="tc33()[pri:0, instance:org.dftestng.Practice1@4501b7af]" name="tc33" duration-ms="188" started-at="2020-12-14T16:40:06Z" finished-at="2020-12-14T16:40:06Z">
          <reporter-output>
          </reporter-output>
        </test-method> <!-- tc33 -->
      </class> <!-- org.dftestng.Practice1 -->
      <class name="org.dftestng.Practice">
        <test-method status="PASS" signature="tc1()[pri:0, instance:org.dftestng.Practice@61832929]" name="tc1" duration-ms="172" started-at="2020-12-14T16:40:06Z" finished-at="2020-12-14T16:40:06Z">
          <reporter-output>
          </reporter-output>
        </test-method> <!-- tc1 -->
        <test-method status="PASS" signature="tc4()[pri:0, instance:org.dftestng.Practice@61832929]" name="tc4" duration-ms="16" started-at="2020-12-14T16:40:06Z" finished-at="2020-12-14T16:40:06Z">
          <reporter-output>
          </reporter-output>
        </test-method> <!-- tc4 -->
      </class> <!-- org.dftestng.Practice -->
    </test> <!-- Test -->
  </suite> <!-- Suite -->
</testng-results>
